<?xml version="1.0" encoding="UTF-8"?>
<!-- Generated by org.testng.reporters.JUnitReportReporter -->
<testsuite hostname="DESKTOP-6E7JKDN" name="testscript.UpdateRequest" tests="1" failures="0" timestamp="29 May 2022 22:49:52 GMT" time="4.506" errors="0">
  <testcase name="updateRequest" time="4.506" classname="testscript.UpdateRequest"/>
</testsuite> <!-- testscript.UpdateRequest -->
