<?xml version="1.0" encoding="UTF-8"?>
<!-- Generated by org.testng.reporters.JUnitReportReporter -->
<testsuite hostname="DESKTOP-6E7JKDN" name="testscript.UpdateRequest" tests="1" failures="0" timestamp="27 May 2022 02:23:40 GMT" time="3.588" errors="0">
  <testcase name="updateRequest" time="3.588" classname="testscript.UpdateRequest"/>
</testsuite> <!-- testscript.UpdateRequest -->
