<?xml version="1.0" encoding="UTF-8"?>
<!-- Generated by org.testng.reporters.JUnitReportReporter -->
<testsuite hostname="DESKTOP-6E7JKDN" name="testscript.DeleteRequest" tests="1" failures="0" timestamp="27 May 2022 02:44:57 GMT" time="3.628" errors="0">
  <testcase name="deleteRequest" time="3.628" classname="testscript.DeleteRequest"/>
</testsuite> <!-- testscript.DeleteRequest -->
