<?xml version="1.0" encoding="UTF-8"?>
<!-- Generated by org.testng.reporters.JUnitReportReporter -->
<testsuite hostname="DESKTOP-6E7JKDN" name="testscript.DeleteRequest" tests="1" failures="0" timestamp="29 May 2022 22:49:52 GMT" time="4.502" errors="0">
  <testcase name="deleteRequest" time="4.502" classname="testscript.DeleteRequest"/>
</testsuite> <!-- testscript.DeleteRequest -->
