<?xml version="1.0" encoding="UTF-8"?>
<!-- Generated by org.testng.reporters.JUnitReportReporter -->
<testsuite hostname="DESKTOP-6E7JKDN" name="testscript.PostRequestUsingFile" tests="1" failures="0" timestamp="27 May 2022 02:44:57 GMT" time="1.157" errors="0">
  <testcase name="postRequestUsingFile" time="1.157" classname="testscript.PostRequestUsingFile"/>
</testsuite> <!-- testscript.PostRequestUsingFile -->
