<?xml version="1.0" encoding="UTF-8"?>
<!-- Generated by org.testng.reporters.JUnitReportReporter -->
<testsuite hostname="DESKTOP-6E7JKDN" name="testscript.GetRequest" tests="1" failures="0" timestamp="27 May 2022 02:23:40 GMT" time="5.293" errors="0">
  <testcase name="getRequest" time="5.293" classname="testscript.GetRequest"/>
</testsuite> <!-- testscript.GetRequest -->
